<?xml version="1.0" encoding="UTF-8"?>
<!-- Generated by org.testng.reporters.JUnitReportReporter -->
<testsuite skipped="1" hostname="Griseydas-MacBook-Air.local" name="com.class02.Task" tests="5" failures="0" timestamp="2020-05-20T20:48:49 EDT" time="0.038" errors="0">
  <testcase name="firstMethod" time="0.018" classname="com.class02.Task"/>
  <system-out/>
  <testcase name="secondMethod" time="0.004" classname="com.class02.Task"/>
  <system-out/>
  <testcase name="thirdMethod" time="0.004" classname="com.class02.Task"/>
  <system-out/>
  <testcase name="fourthMethod" time="0.012" classname="com.class02.Task"/>
  <system-out/>
  <testcase name="firstMethod1" classname="com.class02.Task">
    <skipped/>
  </testcase> <!-- firstMethod1 -->
  <system-out/>
</testsuite> <!-- com.class02.Task -->
