<?xml version="1.0" encoding="UTF-8"?>
<!-- Generated by org.testng.reporters.JUnitReportReporter -->
<testsuite skipped="0" hostname="Griseydas-MacBook-Air.local" name="com.class01.TestngDemo" tests="1" failures="0" timestamp="2020-05-19T19:29:30 EDT" time="0.017" errors="0">
  <testcase name="TestOne" time="0.017" classname="com.class01.TestngDemo"/>
  <system-out/>
</testsuite> <!-- com.class01.TestngDemo -->
