<?xml version="1.0" encoding="UTF-8"?>
<!-- Generated by org.testng.reporters.JUnitReportReporter -->
<testsuite skipped="0" hostname="Griseydas-MacBook-Air.local" name="com.class03.DataProviderDemo" tests="2" failures="0" timestamp="2020-05-27T19:52:32 EDT" time="22.506" errors="0">
  <testcase name="login" time="12.742" classname="com.class03.DataProviderDemo"/>
  <system-out/>
  <testcase name="login" time="9.764" classname="com.class03.DataProviderDemo"/>
  <system-out/>
</testsuite> <!-- com.class03.DataProviderDemo -->
