<?xml version="1.0" encoding="UTF-8"?>
<!-- Generated by org.testng.reporters.JUnitReportReporter -->
<testsuite skipped="0" hostname="Griseydas-MacBook-Air.local" name="com.class02.Taskreview" tests="1" failures="0" timestamp="2020-05-21T21:40:04 EDT" time="6.345" errors="0">
  <testcase name="test1" time="6.345" classname="com.class02.Taskreview"/>
  <system-out/>
</testsuite> <!-- com.class02.Taskreview -->
