<?xml version="1.0" encoding="UTF-8"?>
<!-- Generated by org.testng.reporters.JUnitReportReporter -->
<testsuite skipped="0" hostname="Griseydas-MacBook-Air.local" name="com.class01.DifferentAnnotationDemo" tests="1" failures="0" timestamp="2020-05-19T20:02:53 EDT" time="0.011" errors="0">
  <testcase name="test" time="0.011" classname="com.class01.DifferentAnnotationDemo"/>
  <system-out/>
</testsuite> <!-- com.class01.DifferentAnnotationDemo -->
